INFO  time: initialize in 2.43s
WARN  no build tool detected in workspace 'H:\GitHub\jhu-lsst\Aris\ingest\scala'. The most common cause for this problem is that the editor was opened in the wrong working directory, for example if you use sbt then the workspace directory should contain build.sbt. 
WARN  no build target: H:\GitHub\jhu-lsst\Aris\ingest\scala\twit.scala
INFO  no build target: using presentation compiler with only scala-library
WARN  no build target: H:\GitHub\jhu-lsst\Aris\ingest\scala\TwitterStream.scala
WARN  no build target: H:\GitHub\jhu-lsst\Aris\ingest\scala\TwitterStream.scala
WARN  no build target: H:\GitHub\jhu-lsst\Aris\ingest\scala\twtest.scala
something's wrong: no file:///h%3A/GitHub/jhu-lsst/Aris/ingest/scala/twtest.scala in Array[<error>]RangePosition(file:///h%3A/GitHub/jhu-lsst/Aris/ingest/scala/twtest.scala, 38, 38, 53)
something's wrong: no file:///h%3A/GitHub/jhu-lsst/Aris/ingest/scala/twtest.scala in Array[<error>]RangePosition(file:///h%3A/GitHub/jhu-lsst/Aris/ingest/scala/twtest.scala, 38, 38, 46)
something's wrong: no file:///h%3A/GitHub/jhu-lsst/Aris/ingest/scala/twtest.scala in Array[<error>]RangePosition(file:///h%3A/GitHub/jhu-lsst/Aris/ingest/scala/twtest.scala, 38, 38, 47)
something's wrong: no file:///h%3A/GitHub/jhu-lsst/Aris/ingest/scala/twtest.scala in Array[String]RangePosition(file:///h%3A/GitHub/jhu-lsst/Aris/ingest/scala/twtest.scala, 38, 38, 51)
something's wrong: no file:///h%3A/GitHub/jhu-lsst/Aris/ingest/scala/twtest.scala in Array[String]RangePosition(file:///h%3A/GitHub/jhu-lsst/Aris/ingest/scala/twtest.scala, 38, 38, 51)
something's wrong: no file:///h%3A/GitHub/jhu-lsst/Aris/ingest/scala/twtest.scala in Array[String]RangePosition(file:///h%3A/GitHub/jhu-lsst/Aris/ingest/scala/twtest.scala, 38, 38, 51)
Downloading https://repo1.maven.org/maven2/org/scalameta/scalafmt-cli_2.12/2.0.1/scalafmt-cli_2.12-2.0.1.pom.sha1
Downloading https://repo1.maven.org/maven2/org/scala-lang/scala-reflect/2.12.8/scala-reflect-2.12.8.pom.sha1
Downloading https://repo1.maven.org/maven2/org/scalameta/scalafmt-cli_2.12/2.0.1/scalafmt-cli_2.12-2.0.1.pom
Downloading https://repo1.maven.org/maven2/org/scala-lang/scala-reflect/2.12.8/scala-reflect-2.12.8.pom
Downloaded https://repo1.maven.org/maven2/org/scala-lang/scala-reflect/2.12.8/scala-reflect-2.12.8.pom
Downloaded https://repo1.maven.org/maven2/org/scala-lang/scala-reflect/2.12.8/scala-reflect-2.12.8.pom.sha1
Downloaded https://repo1.maven.org/maven2/org/scalameta/scalafmt-cli_2.12/2.0.1/scalafmt-cli_2.12-2.0.1.pom.sha1
Downloaded https://repo1.maven.org/maven2/org/scalameta/scalafmt-cli_2.12/2.0.1/scalafmt-cli_2.12-2.0.1.pom
Downloading https://repo1.maven.org/maven2/org/scala-lang/scala-reflect/2.12.8/
Downloading https://repo1.maven.org/maven2/org/scalameta/scalafmt-cli_2.12/2.0.1/
Downloaded https://repo1.maven.org/maven2/org/scala-lang/scala-reflect/2.12.8/
Downloaded https://repo1.maven.org/maven2/org/scalameta/scalafmt-cli_2.12/2.0.1/
Downloading https://repo1.maven.org/maven2/com/github/scopt/scopt_2.12/3.5.0/scopt_2.12-3.5.0.pom
Downloading https://repo1.maven.org/maven2/com/github/scopt/scopt_2.12/3.5.0/scopt_2.12-3.5.0.pom.sha1
Downloading https://repo1.maven.org/maven2/org/scala-lang/modules/scala-xml_2.12/1.1.1/
Downloading https://repo1.maven.org/maven2/com/martiansoftware/nailgun-server/0.9.1/nailgun-server-0.9.1.pom.sha1
Downloading https://repo1.maven.org/maven2/com/googlecode/java-diff-utils/diffutils/1.3.0/
Downloading https://repo1.maven.org/maven2/com/martiansoftware/nailgun-server/0.9.1/nailgun-server-0.9.1.pom
Downloaded https://repo1.maven.org/maven2/com/github/scopt/scopt_2.12/3.5.0/scopt_2.12-3.5.0.pom
Downloading https://repo1.maven.org/maven2/org/scalameta/scalafmt-core_2.12/2.0.1/scalafmt-core_2.12-2.0.1.pom
Downloaded https://repo1.maven.org/maven2/com/martiansoftware/nailgun-server/0.9.1/nailgun-server-0.9.1.pom
Downloading https://repo1.maven.org/maven2/org/scala-lang/scala-library/2.12.8/scala-library-2.12.8.pom.sha1
Downloaded https://repo1.maven.org/maven2/com/martiansoftware/nailgun-server/0.9.1/nailgun-server-0.9.1.pom.sha1
Downloading https://repo1.maven.org/maven2/org/scalameta/scalafmt-core_2.12/2.0.1/scalafmt-core_2.12-2.0.1.pom.sha1
Downloaded https://repo1.maven.org/maven2/com/googlecode/java-diff-utils/diffutils/1.3.0/
Downloading https://repo1.maven.org/maven2/org/scala-lang/scala-library/2.12.8/scala-library-2.12.8.pom
Downloaded https://repo1.maven.org/maven2/org/scala-lang/modules/scala-xml_2.12/1.1.1/
Downloaded https://repo1.maven.org/maven2/com/github/scopt/scopt_2.12/3.5.0/scopt_2.12-3.5.0.pom.sha1
Downloading https://repo1.maven.org/maven2/org/scalameta/scalafmt-dynamic_2.12/2.0.1/
Downloading https://repo1.maven.org/maven2/com/martiansoftware/nailgun-server/0.9.1/
Downloaded https://repo1.maven.org/maven2/org/scalameta/scalafmt-core_2.12/2.0.1/scalafmt-core_2.12-2.0.1.pom
Downloading https://repo1.maven.org/maven2/com/github/scopt/scopt_2.12/3.5.0/
Downloaded https://repo1.maven.org/maven2/org/scala-lang/scala-library/2.12.8/scala-library-2.12.8.pom.sha1
Downloaded https://repo1.maven.org/maven2/org/scala-lang/scala-library/2.12.8/scala-library-2.12.8.pom
Downloaded https://repo1.maven.org/maven2/org/scalameta/scalafmt-core_2.12/2.0.1/scalafmt-core_2.12-2.0.1.pom.sha1
Downloading https://repo1.maven.org/maven2/org/scala-lang/scala-library/2.12.8/
Downloading https://repo1.maven.org/maven2/org/scalameta/scalafmt-core_2.12/2.0.1/
Downloaded https://repo1.maven.org/maven2/com/martiansoftware/nailgun-server/0.9.1/
Downloaded https://repo1.maven.org/maven2/org/scalameta/scalafmt-dynamic_2.12/2.0.1/
Downloaded https://repo1.maven.org/maven2/com/github/scopt/scopt_2.12/3.5.0/
Downloaded https://repo1.maven.org/maven2/org/scalameta/scalafmt-core_2.12/2.0.1/
Downloaded https://repo1.maven.org/maven2/org/scala-lang/scala-library/2.12.8/
Downloading https://repo1.maven.org/maven2/com/martiansoftware/nailgun-all/0.9.1/nailgun-all-0.9.1.pom.sha1
Downloading https://repo1.maven.org/maven2/com/martiansoftware/nailgun-all/0.9.1/nailgun-all-0.9.1.pom
Downloading https://repo1.maven.org/maven2/org/sonatype/oss/oss-parent/7/
Downloaded https://repo1.maven.org/maven2/com/martiansoftware/nailgun-all/0.9.1/nailgun-all-0.9.1.pom.sha1
Downloaded https://repo1.maven.org/maven2/org/sonatype/oss/oss-parent/7/
Downloaded https://repo1.maven.org/maven2/com/martiansoftware/nailgun-all/0.9.1/nailgun-all-0.9.1.pom
Downloading https://repo1.maven.org/maven2/com/martiansoftware/nailgun-all/0.9.1/
Downloaded https://repo1.maven.org/maven2/com/martiansoftware/nailgun-all/0.9.1/
Downloading https://repo1.maven.org/maven2/org/scalameta/scalameta_2.12/4.2.0/scalameta_2.12-4.2.0.pom.sha1
Downloading https://repo1.maven.org/maven2/org/scalameta/scalameta_2.12/4.2.0/scalameta_2.12-4.2.0.pom
Downloading https://repo1.maven.org/maven2/com/geirsson/coursier-small_2.12/1.3.1/coursier-small_2.12-1.3.1.pom.sha1
Downloading https://repo1.maven.org/maven2/com/geirsson/coursier-small_2.12/1.3.1/coursier-small_2.12-1.3.1.pom
Downloading https://repo1.maven.org/maven2/com/geirsson/metaconfig-core_2.12/0.8.3/metaconfig-core_2.12-0.8.3.pom
Downloading https://repo1.maven.org/maven2/com/geirsson/metaconfig-core_2.12/0.8.3/metaconfig-core_2.12-0.8.3.pom.sha1
Downloaded https://repo1.maven.org/maven2/com/geirsson/metaconfig-core_2.12/0.8.3/metaconfig-core_2.12-0.8.3.pom.sha1
Downloading https://repo1.maven.org/maven2/com/geirsson/metaconfig-typesafe-config_2.12/0.8.3/metaconfig-typesafe-config_2.12-0.8.3.pom.sha1
Downloaded https://repo1.maven.org/maven2/org/scalameta/scalameta_2.12/4.2.0/scalameta_2.12-4.2.0.pom.sha1
Downloading https://repo1.maven.org/maven2/com/geirsson/metaconfig-typesafe-config_2.12/0.8.3/metaconfig-typesafe-config_2.12-0.8.3.pom
Downloaded https://repo1.maven.org/maven2/com/geirsson/metaconfig-core_2.12/0.8.3/metaconfig-core_2.12-0.8.3.pom
Downloading https://repo1.maven.org/maven2/org/scalameta/scalafmt-interfaces/2.0.1/
Downloaded https://repo1.maven.org/maven2/com/geirsson/coursier-small_2.12/1.3.1/coursier-small_2.12-1.3.1.pom
Downloading https://repo1.maven.org/maven2/com/typesafe/config/1.3.3/
Downloaded https://repo1.maven.org/maven2/com/geirsson/coursier-small_2.12/1.3.1/coursier-small_2.12-1.3.1.pom.sha1
Downloading https://repo1.maven.org/maven2/com/geirsson/metaconfig-core_2.12/0.8.3/
Downloaded https://repo1.maven.org/maven2/org/scalameta/scalameta_2.12/4.2.0/scalameta_2.12-4.2.0.pom
Downloading https://repo1.maven.org/maven2/com/geirsson/coursier-small_2.12/1.3.1/
Downloaded https://repo1.maven.org/maven2/com/geirsson/metaconfig-typesafe-config_2.12/0.8.3/metaconfig-typesafe-config_2.12-0.8.3.pom
Downloaded https://repo1.maven.org/maven2/com/geirsson/metaconfig-typesafe-config_2.12/0.8.3/metaconfig-typesafe-config_2.12-0.8.3.pom.sha1
Downloading https://repo1.maven.org/maven2/org/scalameta/scalameta_2.12/4.2.0/
Downloading https://repo1.maven.org/maven2/com/geirsson/metaconfig-typesafe-config_2.12/0.8.3/
Downloaded https://repo1.maven.org/maven2/com/typesafe/config/1.3.3/
Downloaded https://repo1.maven.org/maven2/com/geirsson/metaconfig-core_2.12/0.8.3/
Downloaded https://repo1.maven.org/maven2/org/scalameta/scalafmt-interfaces/2.0.1/
Downloaded https://repo1.maven.org/maven2/com/geirsson/coursier-small_2.12/1.3.1/
Downloaded https://repo1.maven.org/maven2/org/scalameta/scalameta_2.12/4.2.0/
Downloaded https://repo1.maven.org/maven2/com/geirsson/metaconfig-typesafe-config_2.12/0.8.3/
Downloading https://repo1.maven.org/maven2/org/typelevel/paiges-core_2.12/0.2.0/paiges-core_2.12-0.2.0.pom
Downloading https://repo1.maven.org/maven2/org/scalameta/parsers_2.12/4.2.0/parsers_2.12-4.2.0.pom.sha1
Downloading https://repo1.maven.org/maven2/org/scalameta/parsers_2.12/4.2.0/parsers_2.12-4.2.0.pom
Downloading https://repo1.maven.org/maven2/com/lihaoyi/pprint_2.12/0.5.3/pprint_2.12-0.5.3.pom
Downloading https://repo1.maven.org/maven2/com/lihaoyi/pprint_2.12/0.5.3/pprint_2.12-0.5.3.pom.sha1
Downloading https://repo1.maven.org/maven2/org/typelevel/paiges-core_2.12/0.2.0/paiges-core_2.12-0.2.0.pom.sha1
Downloaded https://repo1.maven.org/maven2/com/lihaoyi/pprint_2.12/0.5.3/pprint_2.12-0.5.3.pom.sha1
Downloading https://repo1.maven.org/maven2/org/scala-lang/scalap/2.12.8/scalap-2.12.8.pom
Downloaded https://repo1.maven.org/maven2/org/typelevel/paiges-core_2.12/0.2.0/paiges-core_2.12-0.2.0.pom.sha1
Downloading https://repo1.maven.org/maven2/org/scala-lang/scalap/2.12.8/scalap-2.12.8.pom.sha1
Downloaded https://repo1.maven.org/maven2/org/typelevel/paiges-core_2.12/0.2.0/paiges-core_2.12-0.2.0.pom
Downloaded https://repo1.maven.org/maven2/com/lihaoyi/pprint_2.12/0.5.3/pprint_2.12-0.5.3.pom
Downloading https://repo1.maven.org/maven2/org/typelevel/paiges-core_2.12/0.2.0/
Downloading https://repo1.maven.org/maven2/com/lihaoyi/pprint_2.12/0.5.3/
Downloaded https://repo1.maven.org/maven2/org/scalameta/parsers_2.12/4.2.0/parsers_2.12-4.2.0.pom
Downloaded https://repo1.maven.org/maven2/org/scalameta/parsers_2.12/4.2.0/parsers_2.12-4.2.0.pom.sha1
Downloading https://repo1.maven.org/maven2/org/scalameta/parsers_2.12/4.2.0/
Downloaded https://repo1.maven.org/maven2/org/scala-lang/scalap/2.12.8/scalap-2.12.8.pom
Downloaded https://repo1.maven.org/maven2/org/scala-lang/scalap/2.12.8/scalap-2.12.8.pom.sha1
Downloading https://repo1.maven.org/maven2/org/scala-lang/scalap/2.12.8/
Downloaded https://repo1.maven.org/maven2/org/typelevel/paiges-core_2.12/0.2.0/
Downloaded https://repo1.maven.org/maven2/com/lihaoyi/pprint_2.12/0.5.3/
Downloaded https://repo1.maven.org/maven2/org/scalameta/parsers_2.12/4.2.0/
Downloaded https://repo1.maven.org/maven2/org/scala-lang/scalap/2.12.8/
Downloading https://repo1.maven.org/maven2/com/lihaoyi/sourcecode_2.12/0.1.4/sourcecode_2.12-0.1.4.pom
Downloading https://repo1.maven.org/maven2/com/lihaoyi/fansi_2.12/0.2.5/fansi_2.12-0.2.5.pom
Downloading https://repo1.maven.org/maven2/org/scala-lang/scala-compiler/2.12.8/scala-compiler-2.12.8.pom.sha1
Downloading https://repo1.maven.org/maven2/org/scala-lang/scala-compiler/2.12.8/scala-compiler-2.12.8.pom
Downloading https://repo1.maven.org/maven2/com/lihaoyi/sourcecode_2.12/0.1.4/sourcecode_2.12-0.1.4.pom.sha1
Downloading https://repo1.maven.org/maven2/com/lihaoyi/fansi_2.12/0.2.5/fansi_2.12-0.2.5.pom.sha1
Downloaded https://repo1.maven.org/maven2/com/lihaoyi/sourcecode_2.12/0.1.4/sourcecode_2.12-0.1.4.pom.sha1
Downloading https://repo1.maven.org/maven2/org/scalameta/trees_2.12/4.2.0/trees_2.12-4.2.0.pom
Downloaded https://repo1.maven.org/maven2/com/lihaoyi/sourcecode_2.12/0.1.4/sourcecode_2.12-0.1.4.pom
Downloading https://repo1.maven.org/maven2/org/scalameta/trees_2.12/4.2.0/trees_2.12-4.2.0.pom.sha1
Downloaded https://repo1.maven.org/maven2/org/scala-lang/scala-compiler/2.12.8/scala-compiler-2.12.8.pom.sha1
Downloaded https://repo1.maven.org/maven2/com/lihaoyi/fansi_2.12/0.2.5/fansi_2.12-0.2.5.pom
Downloading https://repo1.maven.org/maven2/com/lihaoyi/sourcecode_2.12/0.1.4/
Downloaded https://repo1.maven.org/maven2/org/scala-lang/scala-compiler/2.12.8/scala-compiler-2.12.8.pom
Downloaded https://repo1.maven.org/maven2/com/lihaoyi/fansi_2.12/0.2.5/fansi_2.12-0.2.5.pom.sha1
Downloading https://repo1.maven.org/maven2/org/scala-lang/scala-compiler/2.12.8/
Downloading https://repo1.maven.org/maven2/com/lihaoyi/fansi_2.12/0.2.5/
Downloaded https://repo1.maven.org/maven2/org/scalameta/trees_2.12/4.2.0/trees_2.12-4.2.0.pom
Downloaded https://repo1.maven.org/maven2/org/scalameta/trees_2.12/4.2.0/trees_2.12-4.2.0.pom.sha1
Downloading https://repo1.maven.org/maven2/org/scalameta/trees_2.12/4.2.0/
Downloaded https://repo1.maven.org/maven2/com/lihaoyi/sourcecode_2.12/0.1.4/
Downloaded https://repo1.maven.org/maven2/org/scala-lang/scala-compiler/2.12.8/
Downloaded https://repo1.maven.org/maven2/com/lihaoyi/fansi_2.12/0.2.5/
Downloaded https://repo1.maven.org/maven2/org/scalameta/trees_2.12/4.2.0/
Downloading https://repo1.maven.org/maven2/org/scalameta/common_2.12/4.2.0/common_2.12-4.2.0.pom
Downloading https://repo1.maven.org/maven2/org/scalameta/common_2.12/4.2.0/common_2.12-4.2.0.pom.sha1
Downloading https://repo1.maven.org/maven2/org/scalameta/fastparse_2.12/1.0.1/
Downloaded https://repo1.maven.org/maven2/org/scalameta/common_2.12/4.2.0/common_2.12-4.2.0.pom.sha1
Downloaded https://repo1.maven.org/maven2/org/scalameta/common_2.12/4.2.0/common_2.12-4.2.0.pom
Downloading https://repo1.maven.org/maven2/org/scalameta/common_2.12/4.2.0/
Downloaded https://repo1.maven.org/maven2/org/scalameta/fastparse_2.12/1.0.1/
Downloaded https://repo1.maven.org/maven2/org/scalameta/common_2.12/4.2.0/
Downloading https://repo1.maven.org/maven2/org/scalameta/fastparse-utils_2.12/1.0.1/
Downloading https://repo1.maven.org/maven2/com/lihaoyi/sourcecode_2.12/0.1.7/
Downloaded https://repo1.maven.org/maven2/org/scalameta/fastparse-utils_2.12/1.0.1/
Downloaded https://repo1.maven.org/maven2/com/lihaoyi/sourcecode_2.12/0.1.7/
ERROR scalafmt: H:\GitHub\jhu-lsst\Aris\ingest\scala\twtest.scala:92: error: expected class or object definition
twitterStream.stop()
^
ERROR scalafmt: H:\GitHub\jhu-lsst\Aris\ingest\scala\twtest.scala:92: error: expected class or object definition
twitterStream.stop()
^
WARN  no build target: H:\GitHub\jhu-lsst\Aris\ingest\scala\twtest.scala
WARN  no build target: H:\GitHub\jhu-lsst\Aris\ingest\scala\TwitterStream.scala
WARN  no build target: H:\GitHub\jhu-lsst\Aris\ingest\scala\TwitterStream.scala
WARN  no build target: H:\GitHub\jhu-lsst\Aris\ingest\scala\TwitterStream.scala
WARN  no build target: H:\GitHub\jhu-lsst\Aris\ingest\scala\twtest.scala
WARN  no build tool detected in workspace 'H:\GitHub\jhu-lsst\Aris\ingest\scala'. The most common cause for this problem is that the editor was opened in the wrong working directory, for example if you use sbt then the workspace directory should contain build.sbt. 
WARN  no build tool detected in workspace 'H:\GitHub\jhu-lsst\Aris\ingest\scala'. The most common cause for this problem is that the editor was opened in the wrong working directory, for example if you use sbt then the workspace directory should contain build.sbt. 
WARN  no build target: H:\GitHub\jhu-lsst\Aris\ingest\scala\twtest.scala
INFO  shutting down Metals
